\BOOKMARK [1][-]{section.1}{Simulation eines Tauchspulenantriebes mit Matlab}{}% 1
\BOOKMARK [2][-]{subsection.1.1}{Vorbereitung}{section.1}% 2
\BOOKMARK [3][-]{subsubsection.1.1.1}{Aufbau und Wirkung}{subsection.1.1}% 3
\BOOKMARK [3][-]{subsubsection.1.1.2}{mathematische Beschreibung eines Tauchspulenantriebes}{subsection.1.1}% 4
\BOOKMARK [3][-]{subsubsection.1.1.3}{Systembeschreibung mittels Zustandsgleichungen}{subsection.1.1}% 5
\BOOKMARK [3][-]{subsubsection.1.1.4}{Zustandsgleichung f\374r ein mechanisches System}{subsection.1.1}% 6
\BOOKMARK [2][-]{subsection.1.2}{Simulation mit eingepr\344gten Strom \040und starr gekoppelter Masse}{section.1}% 7
\BOOKMARK [2][-]{subsection.1.3}{Simulation mit eingepr\344gter Spannung \040und starr gekoppelter Masse}{section.1}% 8
\BOOKMARK [2][-]{subsection.1.4}{Simulation mit eingepr\344gter Spannung \040und elastisch gekoppelter Masse}{section.1}% 9
\BOOKMARK [2][-]{subsection.1.5}{Experimentelle \334berpr\374fung der Simulationsergebnisse}{section.1}% 10
\BOOKMARK [1][-]{section.2}{Netzwerksimulation eines Piezoaktor mit Simplorer}{}% 11
\BOOKMARK [2][-]{subsection.2.1}{Vorbereitung}{section.2}% 12
\BOOKMARK [3][-]{subsubsection.2.1.1}{Netzwerkmodelle von Piezoaktoren}{subsection.2.1}% 13
\BOOKMARK [3][-]{subsubsection.2.1.2}{Ermittlung System-beschreibender Werte}{subsection.2.1}% 14
\BOOKMARK [2][-]{subsection.2.2}{Analytische Berechnung unter Annahme eines Einmassensystems}{section.2}% 15
\BOOKMARK [2][-]{subsection.2.3}{Netzwerksimulation unter Annahme eines Einmassensystems}{section.2}% 16
\BOOKMARK [2][-]{subsection.2.4}{Netzwerksimulation mit starr gekoppelter Zusatzmasse}{section.2}% 17
\BOOKMARK [2][-]{subsection.2.5}{Analytische Berechnung unter Annahme eines Zweimassensystems}{section.2}% 18
\BOOKMARK [2][-]{subsection.2.6}{Netzwerksimulation mit elastisch gekoppelter Last}{section.2}% 19
\BOOKMARK [2][-]{subsection.2.7}{Experimentelle \334berpr\374fung der Simulationsergebnisse}{section.2}% 20
\BOOKMARK [1][-]{section.3}{Simulation eines Positioniersystems mit Matlab/Simulink}{}% 21
\BOOKMARK [2][-]{subsection.3.1}{Vorbereitung}{section.3}% 22
\BOOKMARK [3][-]{subsubsection.3.1.1}{Typische Positionierungsverl\344ufe}{subsection.3.1}% 23
\BOOKMARK [3][-]{subsubsection.3.1.2}{Ermittlung System-beschreibender Werte}{subsection.3.1}% 24
\BOOKMARK [3][-]{subsubsection.3.1.3}{Wirkungsweise eines 4 Quadraten Pulsstellers}{subsection.3.1}% 25
\BOOKMARK [2][-]{subsection.3.2}{ \204 }{section.3}% 26
\BOOKMARK [2][-]{subsection.3.3}{ \204 }{section.3}% 27
\BOOKMARK [2][-]{subsection.3.4}{ \204 }{section.3}% 28
\BOOKMARK [2][-]{subsection.3.5}{Experimentelle \334berpr\374fung der Simulationsergebnisse}{section.3}% 29
